Using pre-set license
Built from '2020.3/staging' branch; Version is '2020.3.3f1 (76626098c1c4) revision 7758432'; Using compiler version '192528614'; Build Type 'Release'
OS: 'Windows 10 Education; OS build 19041.1165; Version 2004; 64bit' Language: 'en' Physical Memory: 32675 MB
BatchMode: 1, IsHumanControllingUs: 0, StartBugReporterOnCrash: 0, Is64bit: 1, IsPro: 0

 COMMAND LINE ARGUMENTS:
C:\Program Files\Unity\Hub\Editor\2020.3.3f1\Editor\Unity.exe
-adb2
-batchMode
-noUpm
-name
AssetImportWorker0
-projectPath
C:/Users/Wridzer/Documents/kernmodule_jaar2_assignment1/Kernmodule game architecture
-logFile
Logs/AssetImportWorker0.log
-srvPort
60627
Successfully changed project path to: C:/Users/Wridzer/Documents/kernmodule_jaar2_assignment1/Kernmodule game architecture
C:/Users/Wridzer/Documents/kernmodule_jaar2_assignment1/Kernmodule game architecture
Using Asset Import Pipeline V2.
Refreshing native plugins compatible for Editor in 19.71 ms, found 0 plugins.
Preloading 0 native plugins for Editor in 0.00 ms.
Initialize engine version: 2020.3.3f1 (76626098c1c4)
[Subsystems] Discovering subsystems at path C:/Program Files/Unity/Hub/Editor/2020.3.3f1/Editor/Data/Resources/UnitySubsystems
[Subsystems] Discovering subsystems at path C:/Users/Wridzer/Documents/kernmodule_jaar2_assignment1/Kernmodule game architecture/Assets
GfxDevice: creating device client; threaded=0
Direct3D:
    Version:  Direct3D 11.0 [level 11.1]
    Renderer: NVIDIA GeForce GTX 960 (ID=0x1401)
    Vendor:   
    VRAM:     4053 MB
    Driver:   27.21.14.6611
Initialize mono
Mono path[0] = 'C:/Program Files/Unity/Hub/Editor/2020.3.3f1/Editor/Data/Managed'
Mono path[1] = 'C:/Program Files/Unity/Hub/Editor/2020.3.3f1/Editor/Data/MonoBleedingEdge/lib/mono/unityjit'
Mono config path = 'C:/Program Files/Unity/Hub/Editor/2020.3.3f1/Editor/Data/MonoBleedingEdge/etc'
Using monoOptions --debugger-agent=transport=dt_socket,embedding=1,server=y,suspend=n,address=127.0.0.1:56656
Begin MonoManager ReloadAssembly
Registering precompiled unity dll's ...
Register platform support module: C:/Program Files/Unity/Hub/Editor/2020.3.3f1/Editor/Data/PlaybackEngines/WindowsStandaloneSupport/UnityEditor.WindowsStandalone.Extensions.dll
Registered in 0.001590 seconds.
Native extension for WindowsStandalone target not found
Refreshing native plugins compatible for Editor in 21.01 ms, found 0 plugins.
Preloading 0 native plugins for Editor in 0.00 ms.
Invoked RoslynAnalysisRunner static constructor.
RoslynAnalysisRunner will not be running.
RoslynAnalysisRunner has terminated.
Mono: successfully reloaded assembly
- Completed reload, in  0.920 seconds
Platform modules already initialized, skipping
Registering precompiled user dll's ...
Registered in 0.000513 seconds.
Begin MonoManager ReloadAssembly
Native extension for WindowsStandalone target not found
Refreshing native plugins compatible for Editor in 0.20 ms, found 0 plugins.
Preloading 0 native plugins for Editor in 0.00 ms.
Invoked RoslynAnalysisRunner static constructor.
RoslynAnalysisRunner will not be running.
RoslynAnalysisRunner has terminated.
Mono: successfully reloaded assembly
- Completed reload, in  0.688 seconds
Platform modules already initialized, skipping
========================================================================
Worker process is ready to serve import requests
Launched and connected shader compiler UnityShaderCompiler.exe after 0.03 seconds
Refreshing native plugins compatible for Editor in 0.19 ms, found 0 plugins.
Preloading 0 native plugins for Editor in 0.00 ms.
Unloading 1123 Unused Serialized files (Serialized files now loaded: 0)
System memory in use before: 69.4 MB.
System memory in use after: 69.4 MB.

Unloading 9 unused Assets to reduce memory usage. Loaded Objects now: 1580.
Total: 1.658100 ms (FindLiveObjects: 0.141100 ms CreateObjectMapping: 0.025500 ms MarkObjects: 1.418800 ms  DeleteObjects: 0.071700 ms)

========================================================================
Received Import Request.
  path: Assets/Scripts
  artifactKey: Guid(324238150cd60414c9570de29762d4c4) Importer(815301076,1909f56bfc062723c751e8b465ee728b)
Start importing Assets/Scripts using Guid(324238150cd60414c9570de29762d4c4) Importer(815301076,1909f56bfc062723c751e8b465ee728b)  -> (artifact id: '0548a9856687f62717c7408e15cee64c') in 0.006189 seconds
  Import took 0.007867 seconds .

========================================================================
Received Import Request.
  Time since last request: 23.125048 seconds.
  path: Assets/KGDEV1/Gun.cs
  artifactKey: Guid(802ba63f49fedcf488022536fd45b810) Importer(815301076,1909f56bfc062723c751e8b465ee728b)
Start importing Assets/KGDEV1/Gun.cs using Guid(802ba63f49fedcf488022536fd45b810) Importer(815301076,1909f56bfc062723c751e8b465ee728b)  -> (artifact id: '0fb27a897f77e77b1757d9fb8686ee34') in 0.022473 seconds
  Import took 0.024291 seconds .

========================================================================
Received Prepare
Registering precompiled user dll's ...
Registered in 0.000489 seconds.
Begin MonoManager ReloadAssembly
Native extension for WindowsStandalone target not found
Refreshing native plugins compatible for Editor in 0.21 ms, found 0 plugins.
Preloading 0 native plugins for Editor in 0.00 ms.
Invoked RoslynAnalysisRunner static constructor.
RoslynAnalysisRunner will not be running.
RoslynAnalysisRunner has terminated.
Mono: successfully reloaded assembly
- Completed reload, in  0.635 seconds
Platform modules already initialized, skipping
Refreshing native plugins compatible for Editor in 0.22 ms, found 0 plugins.
Preloading 0 native plugins for Editor in 0.00 ms.
Unloading 1117 Unused Serialized files (Serialized files now loaded: 0)
System memory in use before: 69.2 MB.
System memory in use after: 69.3 MB.

Unloading 4 unused Assets to reduce memory usage. Loaded Objects now: 1583.
Total: 1.384500 ms (FindLiveObjects: 0.140400 ms CreateObjectMapping: 0.025700 ms MarkObjects: 1.202400 ms  DeleteObjects: 0.015200 ms)

========================================================================
Received Import Request.
  Time since last request: 205.944856 seconds.
  path: Assets/KGDEV1/Bullet.cs
  artifactKey: Guid(8874684e47ac7a142aa3ebd3255a46ca) Importer(815301076,1909f56bfc062723c751e8b465ee728b)
Start importing Assets/KGDEV1/Bullet.cs using Guid(8874684e47ac7a142aa3ebd3255a46ca) Importer(815301076,1909f56bfc062723c751e8b465ee728b)  -> (artifact id: 'dfbf2dcf96295993930830f57ea3b8be') in 0.006829 seconds
  Import took 0.008495 seconds .

========================================================================
Received Import Request.
  Time since last request: 0.000386 seconds.
  path: Assets/KGDEV1/Bullet.cs
  artifactKey: Guid(8874684e47ac7a142aa3ebd3255a46ca) Importer(815301076,1909f56bfc062723c751e8b465ee728b)
Start importing Assets/KGDEV1/Bullet.cs using Guid(8874684e47ac7a142aa3ebd3255a46ca) Importer(815301076,1909f56bfc062723c751e8b465ee728b)  -> (artifact id: 'dfbf2dcf96295993930830f57ea3b8be') in 0.001473 seconds
  Import took 0.002616 seconds .

========================================================================
Received Import Request.
  Time since last request: 23.662568 seconds.
  path: Assets/KGDEV1/ShootyGame.cs
  artifactKey: Guid(cfed9699d65f14163bf8d748af9b9617) Importer(815301076,1909f56bfc062723c751e8b465ee728b)
Start importing Assets/KGDEV1/ShootyGame.cs using Guid(cfed9699d65f14163bf8d748af9b9617) Importer(815301076,1909f56bfc062723c751e8b465ee728b)  -> (artifact id: 'b8194ff35a937a774439872a54d34883') in 0.006337 seconds
  Import took 0.008204 seconds .

========================================================================
Received Import Request.
  Time since last request: 0.007916 seconds.
  path: Assets/KGDEV1/ShootyGame.cs
  artifactKey: Guid(cfed9699d65f14163bf8d748af9b9617) Importer(815301076,1909f56bfc062723c751e8b465ee728b)
Start importing Assets/KGDEV1/ShootyGame.cs using Guid(cfed9699d65f14163bf8d748af9b9617) Importer(815301076,1909f56bfc062723c751e8b465ee728b)  -> (artifact id: 'b8194ff35a937a774439872a54d34883') in 0.002520 seconds
  Import took 0.004371 seconds .

========================================================================
Received Import Request.
  Time since last request: 37.663416 seconds.
  path: Assets/KGDEV1/Idamageble.cs
  artifactKey: Guid(6516ccd97e47fcb4591fd3ee6d4a7765) Importer(815301076,1909f56bfc062723c751e8b465ee728b)
Start importing Assets/KGDEV1/Idamageble.cs using Guid(6516ccd97e47fcb4591fd3ee6d4a7765) Importer(815301076,1909f56bfc062723c751e8b465ee728b)  -> (artifact id: 'a64e83b50beadbb8af6c84924c183b17') in 0.005452 seconds
  Import took 0.007310 seconds .

========================================================================
Received Import Request.
  Time since last request: 5.764390 seconds.
  path: Assets/KGDEV1/HealthManager.cs
  artifactKey: Guid(2775f8f7ad78cbe4681fae5914c010af) Importer(815301076,1909f56bfc062723c751e8b465ee728b)
Start importing Assets/KGDEV1/HealthManager.cs using Guid(2775f8f7ad78cbe4681fae5914c010af) Importer(815301076,1909f56bfc062723c751e8b465ee728b)  -> (artifact id: '4e63c99a30615539f77bdb56637caeb8') in 0.005908 seconds
  Import took 0.007683 seconds .

========================================================================
Received Import Request.
  Time since last request: 0.000316 seconds.
  path: Assets/KGDEV1/HealthManager.cs
  artifactKey: Guid(2775f8f7ad78cbe4681fae5914c010af) Importer(815301076,1909f56bfc062723c751e8b465ee728b)
Start importing Assets/KGDEV1/HealthManager.cs using Guid(2775f8f7ad78cbe4681fae5914c010af) Importer(815301076,1909f56bfc062723c751e8b465ee728b)  -> (artifact id: '4e63c99a30615539f77bdb56637caeb8') in 0.001620 seconds
  Import took 0.002952 seconds .

========================================================================
Received Import Request.
  Time since last request: 57.149056 seconds.
  path: Assets/KGDEV1
  artifactKey: Guid(b3f736c7677eb3e42bdd8b47042e4d87) Importer(815301076,1909f56bfc062723c751e8b465ee728b)
Start importing Assets/KGDEV1 using Guid(b3f736c7677eb3e42bdd8b47042e4d87) Importer(815301076,1909f56bfc062723c751e8b465ee728b)  -> (artifact id: '2ef95bdbb7f2f794e3b5c96e8157c7fa') in 0.006114 seconds
  Import took 0.007914 seconds .

========================================================================
Received Prepare
Registering precompiled user dll's ...
Registered in 0.000573 seconds.
Begin MonoManager ReloadAssembly
Native extension for WindowsStandalone target not found
Refreshing native plugins compatible for Editor in 0.21 ms, found 0 plugins.
Preloading 0 native plugins for Editor in 0.00 ms.
Invoked RoslynAnalysisRunner static constructor.
RoslynAnalysisRunner will not be running.
RoslynAnalysisRunner has terminated.
Mono: successfully reloaded assembly
- Completed reload, in  0.653 seconds
Platform modules already initialized, skipping
Refreshing native plugins compatible for Editor in 0.20 ms, found 0 plugins.
Preloading 0 native plugins for Editor in 0.00 ms.
Unloading 1117 Unused Serialized files (Serialized files now loaded: 0)
System memory in use before: 69.3 MB.
System memory in use after: 69.4 MB.

Unloading 4 unused Assets to reduce memory usage. Loaded Objects now: 1586.
Total: 1.380200 ms (FindLiveObjects: 0.139100 ms CreateObjectMapping: 0.023500 ms MarkObjects: 1.201900 ms  DeleteObjects: 0.014700 ms)

========================================================================
Received Import Request.
  Time since last request: 44.520697 seconds.
  path: Assets/KGDEV1/Bullet.prefab
  artifactKey: Guid(8c35ee1aa1c55489d9ced428bfc1333d) Importer(815301076,1909f56bfc062723c751e8b465ee728b)
Start importing Assets/KGDEV1/Bullet.prefab using Guid(8c35ee1aa1c55489d9ced428bfc1333d) Importer(815301076,1909f56bfc062723c751e8b465ee728b)  -> (artifact id: '528ae24a9ac3535f9d359b031fee5b10') in 0.068793 seconds
  Import took 0.070570 seconds .

========================================================================
Received Prepare
Registering precompiled user dll's ...
Registered in 0.000581 seconds.
Begin MonoManager ReloadAssembly
Native extension for WindowsStandalone target not found
Refreshing native plugins compatible for Editor in 0.20 ms, found 0 plugins.
Preloading 0 native plugins for Editor in 0.00 ms.
Invoked RoslynAnalysisRunner static constructor.
RoslynAnalysisRunner will not be running.
RoslynAnalysisRunner has terminated.
Mono: successfully reloaded assembly
- Completed reload, in  0.632 seconds
Platform modules already initialized, skipping
Refreshing native plugins compatible for Editor in 0.19 ms, found 0 plugins.
Preloading 0 native plugins for Editor in 0.00 ms.
Unloading 1117 Unused Serialized files (Serialized files now loaded: 0)
System memory in use before: 72.4 MB.
System memory in use after: 72.5 MB.

Unloading 5 unused Assets to reduce memory usage. Loaded Objects now: 1597.
Total: 1.291100 ms (FindLiveObjects: 0.130200 ms CreateObjectMapping: 0.023300 ms MarkObjects: 1.122000 ms  DeleteObjects: 0.014900 ms)

========================================================================
Received Import Request.
  Time since last request: 4.939193 seconds.
  path: Assets/KGDEV1/Bullet.prefab
  artifactKey: Guid(8c35ee1aa1c55489d9ced428bfc1333d) Importer(815301076,1909f56bfc062723c751e8b465ee728b)
Start importing Assets/KGDEV1/Bullet.prefab using Guid(8c35ee1aa1c55489d9ced428bfc1333d) Importer(815301076,1909f56bfc062723c751e8b465ee728b)  -> (artifact id: '1b3f585e8c97ad1166687a3529e16347') in 0.045572 seconds
  Import took 0.047455 seconds .

========================================================================
Received Prepare
Registering precompiled user dll's ...
Registered in 0.000532 seconds.
Begin MonoManager ReloadAssembly
Native extension for WindowsStandalone target not found
Refreshing native plugins compatible for Editor in 0.20 ms, found 0 plugins.
Preloading 0 native plugins for Editor in 0.00 ms.
Invoked RoslynAnalysisRunner static constructor.
RoslynAnalysisRunner will not be running.
RoslynAnalysisRunner has terminated.
Mono: successfully reloaded assembly
- Completed reload, in  0.634 seconds
Platform modules already initialized, skipping
Refreshing native plugins compatible for Editor in 0.21 ms, found 0 plugins.
Preloading 0 native plugins for Editor in 0.00 ms.
Unloading 1117 Unused Serialized files (Serialized files now loaded: 0)
System memory in use before: 72.4 MB.
System memory in use after: 72.5 MB.

Unloading 5 unused Assets to reduce memory usage. Loaded Objects now: 1601.
Total: 1.440800 ms (FindLiveObjects: 0.190600 ms CreateObjectMapping: 0.032100 ms MarkObjects: 1.199900 ms  DeleteObjects: 0.017500 ms)

========================================================================
Received Prepare
Registering precompiled user dll's ...
Registered in 0.000624 seconds.
Begin MonoManager ReloadAssembly
Native extension for WindowsStandalone target not found
Refreshing native plugins compatible for Editor in 0.22 ms, found 0 plugins.
Preloading 0 native plugins for Editor in 0.00 ms.
Invoked RoslynAnalysisRunner static constructor.
RoslynAnalysisRunner will not be running.
RoslynAnalysisRunner has terminated.
Mono: successfully reloaded assembly
- Completed reload, in  0.644 seconds
Platform modules already initialized, skipping
Refreshing native plugins compatible for Editor in 0.20 ms, found 0 plugins.
Preloading 0 native plugins for Editor in 0.00 ms.
Unloading 1117 Unused Serialized files (Serialized files now loaded: 0)
System memory in use before: 72.4 MB.
System memory in use after: 72.5 MB.

Unloading 4 unused Assets to reduce memory usage. Loaded Objects now: 1604.
Total: 1.596100 ms (FindLiveObjects: 0.153200 ms CreateObjectMapping: 0.024100 ms MarkObjects: 1.402100 ms  DeleteObjects: 0.015600 ms)

========================================================================
Received Prepare
Registering precompiled user dll's ...
Registered in 0.000538 seconds.
Begin MonoManager ReloadAssembly
Native extension for WindowsStandalone target not found
Refreshing native plugins compatible for Editor in 0.21 ms, found 0 plugins.
Preloading 0 native plugins for Editor in 0.00 ms.
Invoked RoslynAnalysisRunner static constructor.
RoslynAnalysisRunner will not be running.
RoslynAnalysisRunner has terminated.
Mono: successfully reloaded assembly
- Completed reload, in  0.652 seconds
Platform modules already initialized, skipping
Refreshing native plugins compatible for Editor in 0.19 ms, found 0 plugins.
Preloading 0 native plugins for Editor in 0.00 ms.
Unloading 1117 Unused Serialized files (Serialized files now loaded: 0)
System memory in use before: 72.4 MB.
System memory in use after: 72.5 MB.

Unloading 4 unused Assets to reduce memory usage. Loaded Objects now: 1607.
Total: 1.534000 ms (FindLiveObjects: 0.215500 ms CreateObjectMapping: 0.031900 ms MarkObjects: 1.269100 ms  DeleteObjects: 0.015900 ms)

========================================================================
Received Import Request.
  Time since last request: 988.982953 seconds.
  path: Assets/KGDEV1/Idamageble.cs
  artifactKey: Guid(6516ccd97e47fcb4591fd3ee6d4a7765) Importer(815301076,1909f56bfc062723c751e8b465ee728b)
Start importing Assets/KGDEV1/Idamageble.cs using Guid(6516ccd97e47fcb4591fd3ee6d4a7765) Importer(815301076,1909f56bfc062723c751e8b465ee728b)  -> (artifact id: '07488a4253fd5549d75622de5305f81b') in 0.005232 seconds
  Import took 0.006885 seconds .

========================================================================
Received Import Request.
  Time since last request: 11.708166 seconds.
  path: Assets/KGDEV1/IDamageble.cs
  artifactKey: Guid(6516ccd97e47fcb4591fd3ee6d4a7765) Importer(815301076,1909f56bfc062723c751e8b465ee728b)
Start importing Assets/KGDEV1/IDamageble.cs using Guid(6516ccd97e47fcb4591fd3ee6d4a7765) Importer(815301076,1909f56bfc062723c751e8b465ee728b)  -> (artifact id: '4c603bdf18f2bc816c769cefc3171199') in 0.006797 seconds
  Import took 0.008703 seconds .

========================================================================
Received Prepare
Registering precompiled user dll's ...
Registered in 0.000469 seconds.
Begin MonoManager ReloadAssembly
Native extension for WindowsStandalone target not found
Refreshing native plugins compatible for Editor in 0.20 ms, found 0 plugins.
Preloading 0 native plugins for Editor in 0.00 ms.
Invoked RoslynAnalysisRunner static constructor.
RoslynAnalysisRunner will not be running.
RoslynAnalysisRunner has terminated.
Mono: successfully reloaded assembly
- Completed reload, in  0.638 seconds
Platform modules already initialized, skipping
Refreshing native plugins compatible for Editor in 0.20 ms, found 0 plugins.
Preloading 0 native plugins for Editor in 0.00 ms.
Unloading 1117 Unused Serialized files (Serialized files now loaded: 0)
System memory in use before: 72.4 MB.
System memory in use after: 72.5 MB.

Unloading 4 unused Assets to reduce memory usage. Loaded Objects now: 1610.
Total: 1.397400 ms (FindLiveObjects: 0.150600 ms CreateObjectMapping: 0.024200 ms MarkObjects: 1.208200 ms  DeleteObjects: 0.013700 ms)

========================================================================
Received Prepare
Registering precompiled user dll's ...
Registered in 0.000520 seconds.
Begin MonoManager ReloadAssembly
Native extension for WindowsStandalone target not found
Refreshing native plugins compatible for Editor in 0.20 ms, found 0 plugins.
Preloading 0 native plugins for Editor in 0.00 ms.
Invoked RoslynAnalysisRunner static constructor.
RoslynAnalysisRunner will not be running.
RoslynAnalysisRunner has terminated.
Mono: successfully reloaded assembly
- Completed reload, in  0.648 seconds
Platform modules already initialized, skipping
Refreshing native plugins compatible for Editor in 0.19 ms, found 0 plugins.
Preloading 0 native plugins for Editor in 0.00 ms.
Unloading 1117 Unused Serialized files (Serialized files now loaded: 0)
System memory in use before: 72.5 MB.
System memory in use after: 72.6 MB.

Unloading 4 unused Assets to reduce memory usage. Loaded Objects now: 1613.
Total: 1.323600 ms (FindLiveObjects: 0.150300 ms CreateObjectMapping: 0.028300 ms MarkObjects: 1.133700 ms  DeleteObjects: 0.010400 ms)

========================================================================
Received Import Request.
  Time since last request: 248.619744 seconds.
  path: Assets/KGDEV1/Enemy.prefab
  artifactKey: Guid(eaa1a08e57cd648228b99b743be52ace) Importer(815301076,1909f56bfc062723c751e8b465ee728b)
Start importing Assets/KGDEV1/Enemy.prefab using Guid(eaa1a08e57cd648228b99b743be52ace) Importer(815301076,1909f56bfc062723c751e8b465ee728b)  -> (artifact id: '95aa1df4bdf938922e6a131ddfec3281') in 0.049997 seconds
  Import took 0.051826 seconds .

========================================================================
Received Prepare
Registering precompiled user dll's ...
Registered in 0.000547 seconds.
Begin MonoManager ReloadAssembly
Native extension for WindowsStandalone target not found
Refreshing native plugins compatible for Editor in 0.19 ms, found 0 plugins.
Preloading 0 native plugins for Editor in 0.00 ms.
Invoked RoslynAnalysisRunner static constructor.
RoslynAnalysisRunner will not be running.
RoslynAnalysisRunner has terminated.
Mono: successfully reloaded assembly
- Completed reload, in  0.653 seconds
Platform modules already initialized, skipping
Refreshing native plugins compatible for Editor in 0.20 ms, found 0 plugins.
Preloading 0 native plugins for Editor in 0.00 ms.
Unloading 1117 Unused Serialized files (Serialized files now loaded: 0)
System memory in use before: 72.5 MB.
System memory in use after: 72.6 MB.

Unloading 5 unused Assets to reduce memory usage. Loaded Objects now: 1618.
Total: 1.397500 ms (FindLiveObjects: 0.152300 ms CreateObjectMapping: 0.027600 ms MarkObjects: 1.201600 ms  DeleteObjects: 0.015200 ms)

========================================================================
Received Import Request.
  Time since last request: 49.147393 seconds.
  path: Assets/KGDEV1/Enemy.prefab
  artifactKey: Guid(eaa1a08e57cd648228b99b743be52ace) Importer(815301076,1909f56bfc062723c751e8b465ee728b)
Start importing Assets/KGDEV1/Enemy.prefab using Guid(eaa1a08e57cd648228b99b743be52ace) Importer(815301076,1909f56bfc062723c751e8b465ee728b)  -> (artifact id: '04ddef2396815e4b0bd0b3470bc663d9') in 0.044276 seconds
  Import took 0.046124 seconds .

========================================================================
Received Import Request.
  Time since last request: 57.824456 seconds.
  path: Assets/KGDEV1/Bullet.prefab
  artifactKey: Guid(8c35ee1aa1c55489d9ced428bfc1333d) Importer(815301076,1909f56bfc062723c751e8b465ee728b)
Start importing Assets/KGDEV1/Bullet.prefab using Guid(8c35ee1aa1c55489d9ced428bfc1333d) Importer(815301076,1909f56bfc062723c751e8b465ee728b)  -> (artifact id: '320ce3bb83fd1b937251413bc488ce2a') in 0.007353 seconds
  Import took 0.009133 seconds .

========================================================================
Received Import Request.
  Time since last request: 0.006935 seconds.
  path: Assets/KGDEV1/Bullet.prefab
  artifactKey: Guid(8c35ee1aa1c55489d9ced428bfc1333d) Importer(815301076,1909f56bfc062723c751e8b465ee728b)
Start importing Assets/KGDEV1/Bullet.prefab using Guid(8c35ee1aa1c55489d9ced428bfc1333d) Importer(815301076,1909f56bfc062723c751e8b465ee728b)  -> (artifact id: '320ce3bb83fd1b937251413bc488ce2a') in 0.006807 seconds
  Import took 0.008664 seconds .

========================================================================
Received Prepare
Registering precompiled user dll's ...
Registered in 0.000516 seconds.
Begin MonoManager ReloadAssembly
Native extension for WindowsStandalone target not found
Refreshing native plugins compatible for Editor in 0.21 ms, found 0 plugins.
Preloading 0 native plugins for Editor in 0.00 ms.
Invoked RoslynAnalysisRunner static constructor.
RoslynAnalysisRunner will not be running.
RoslynAnalysisRunner has terminated.
Mono: successfully reloaded assembly
- Completed reload, in  0.641 seconds
Platform modules already initialized, skipping
Refreshing native plugins compatible for Editor in 0.20 ms, found 0 plugins.
Preloading 0 native plugins for Editor in 0.00 ms.
Unloading 1117 Unused Serialized files (Serialized files now loaded: 0)
System memory in use before: 72.5 MB.
System memory in use after: 72.6 MB.

Unloading 5 unused Assets to reduce memory usage. Loaded Objects now: 1622.
Total: 1.401700 ms (FindLiveObjects: 0.142500 ms CreateObjectMapping: 0.022900 ms MarkObjects: 1.216700 ms  DeleteObjects: 0.018600 ms)

========================================================================
Received Import Request.
  Time since last request: 5.906919 seconds.
  path: Assets/KGDEV1/Bullet.prefab
  artifactKey: Guid(8c35ee1aa1c55489d9ced428bfc1333d) Importer(815301076,1909f56bfc062723c751e8b465ee728b)
Start importing Assets/KGDEV1/Bullet.prefab using Guid(8c35ee1aa1c55489d9ced428bfc1333d) Importer(815301076,1909f56bfc062723c751e8b465ee728b)  -> (artifact id: '929d4dbb3c9853dd817c8a05663b817e') in 0.044522 seconds
  Import took 0.046295 seconds .

========================================================================
Received Prepare
Registering precompiled user dll's ...
Registered in 0.000633 seconds.
Begin MonoManager ReloadAssembly
Native extension for WindowsStandalone target not found
Refreshing native plugins compatible for Editor in 0.20 ms, found 0 plugins.
Preloading 0 native plugins for Editor in 0.00 ms.
Invoked RoslynAnalysisRunner static constructor.
RoslynAnalysisRunner will not be running.
RoslynAnalysisRunner has terminated.
Mono: successfully reloaded assembly
- Completed reload, in  0.633 seconds
Platform modules already initialized, skipping
Refreshing native plugins compatible for Editor in 0.20 ms, found 0 plugins.
Preloading 0 native plugins for Editor in 0.00 ms.
Unloading 1117 Unused Serialized files (Serialized files now loaded: 0)
System memory in use before: 72.5 MB.
System memory in use after: 72.6 MB.

Unloading 5 unused Assets to reduce memory usage. Loaded Objects now: 1626.
Total: 1.323500 ms (FindLiveObjects: 0.138600 ms CreateObjectMapping: 0.025000 ms MarkObjects: 1.144100 ms  DeleteObjects: 0.015000 ms)

========================================================================
Received Prepare
Registering precompiled user dll's ...
Registered in 0.000531 seconds.
Begin MonoManager ReloadAssembly
Native extension for WindowsStandalone target not found
Refreshing native plugins compatible for Editor in 0.24 ms, found 0 plugins.
Preloading 0 native plugins for Editor in 0.00 ms.
Invoked RoslynAnalysisRunner static constructor.
RoslynAnalysisRunner will not be running.
RoslynAnalysisRunner has terminated.
Mono: successfully reloaded assembly
- Completed reload, in  0.674 seconds
Platform modules already initialized, skipping
Refreshing native plugins compatible for Editor in 0.19 ms, found 0 plugins.
Preloading 0 native plugins for Editor in 0.00 ms.
Unloading 1117 Unused Serialized files (Serialized files now loaded: 0)
System memory in use before: 72.5 MB.
System memory in use after: 72.6 MB.

Unloading 4 unused Assets to reduce memory usage. Loaded Objects now: 1629.
Total: 1.432800 ms (FindLiveObjects: 0.145300 ms CreateObjectMapping: 0.023500 ms MarkObjects: 1.248300 ms  DeleteObjects: 0.014400 ms)

========================================================================
Received Prepare
Registering precompiled user dll's ...
Registered in 0.000681 seconds.
Begin MonoManager ReloadAssembly
Native extension for WindowsStandalone target not found
Refreshing native plugins compatible for Editor in 0.21 ms, found 0 plugins.
Preloading 0 native plugins for Editor in 0.00 ms.
Invoked RoslynAnalysisRunner static constructor.
RoslynAnalysisRunner will not be running.
RoslynAnalysisRunner has terminated.
Mono: successfully reloaded assembly
- Completed reload, in  0.630 seconds
Platform modules already initialized, skipping
Refreshing native plugins compatible for Editor in 0.25 ms, found 0 plugins.
Preloading 0 native plugins for Editor in 0.00 ms.
Unloading 1117 Unused Serialized files (Serialized files now loaded: 0)
System memory in use before: 72.5 MB.
System memory in use after: 72.6 MB.

Unloading 4 unused Assets to reduce memory usage. Loaded Objects now: 1632.
Total: 1.368800 ms (FindLiveObjects: 0.134400 ms CreateObjectMapping: 0.028800 ms MarkObjects: 1.193100 ms  DeleteObjects: 0.011700 ms)

========================================================================
Received Prepare
Registering precompiled user dll's ...
Registered in 0.000476 seconds.
Begin MonoManager ReloadAssembly
Native extension for WindowsStandalone target not found
Refreshing native plugins compatible for Editor in 0.20 ms, found 0 plugins.
Preloading 0 native plugins for Editor in 0.00 ms.
Invoked RoslynAnalysisRunner static constructor.
RoslynAnalysisRunner will not be running.
RoslynAnalysisRunner has terminated.
Mono: successfully reloaded assembly
- Completed reload, in  0.631 seconds
Platform modules already initialized, skipping
Refreshing native plugins compatible for Editor in 0.19 ms, found 0 plugins.
Preloading 0 native plugins for Editor in 0.00 ms.
Unloading 1117 Unused Serialized files (Serialized files now loaded: 0)
System memory in use before: 72.5 MB.
System memory in use after: 72.6 MB.

Unloading 4 unused Assets to reduce memory usage. Loaded Objects now: 1635.
Total: 1.440000 ms (FindLiveObjects: 0.162300 ms CreateObjectMapping: 0.024200 ms MarkObjects: 1.239000 ms  DeleteObjects: 0.013700 ms)

========================================================================
Received Prepare
Registering precompiled user dll's ...
Registered in 0.000814 seconds.
Begin MonoManager ReloadAssembly
Native extension for WindowsStandalone target not found
Refreshing native plugins compatible for Editor in 0.21 ms, found 0 plugins.
Preloading 0 native plugins for Editor in 0.00 ms.
Invoked RoslynAnalysisRunner static constructor.
RoslynAnalysisRunner will not be running.
RoslynAnalysisRunner has terminated.
Mono: successfully reloaded assembly
- Completed reload, in  0.646 seconds
Platform modules already initialized, skipping
Refreshing native plugins compatible for Editor in 0.23 ms, found 0 plugins.
Preloading 0 native plugins for Editor in 0.00 ms.
Unloading 1117 Unused Serialized files (Serialized files now loaded: 0)
System memory in use before: 72.5 MB.
System memory in use after: 72.6 MB.

Unloading 4 unused Assets to reduce memory usage. Loaded Objects now: 1638.
Total: 1.430400 ms (FindLiveObjects: 0.162000 ms CreateObjectMapping: 0.025700 ms MarkObjects: 1.227800 ms  DeleteObjects: 0.013900 ms)

========================================================================
Received Prepare
Registering precompiled user dll's ...
Registered in 0.000572 seconds.
Begin MonoManager ReloadAssembly
Native extension for WindowsStandalone target not found
Refreshing native plugins compatible for Editor in 0.20 ms, found 0 plugins.
Preloading 0 native plugins for Editor in 0.00 ms.
Invoked RoslynAnalysisRunner static constructor.
RoslynAnalysisRunner will not be running.
RoslynAnalysisRunner has terminated.
Mono: successfully reloaded assembly
- Completed reload, in  0.666 seconds
Platform modules already initialized, skipping
Refreshing native plugins compatible for Editor in 0.20 ms, found 0 plugins.
Preloading 0 native plugins for Editor in 0.00 ms.
Unloading 1117 Unused Serialized files (Serialized files now loaded: 0)
System memory in use before: 72.5 MB.
System memory in use after: 72.6 MB.

Unloading 4 unused Assets to reduce memory usage. Loaded Objects now: 1641.
Total: 1.456000 ms (FindLiveObjects: 0.161800 ms CreateObjectMapping: 0.025700 ms MarkObjects: 1.253100 ms  DeleteObjects: 0.014000 ms)

========================================================================
Received Prepare
Registering precompiled user dll's ...
Registered in 0.000673 seconds.
Begin MonoManager ReloadAssembly
Native extension for WindowsStandalone target not found
Refreshing native plugins compatible for Editor in 0.20 ms, found 0 plugins.
Preloading 0 native plugins for Editor in 0.00 ms.
Invoked RoslynAnalysisRunner static constructor.
RoslynAnalysisRunner will not be running.
RoslynAnalysisRunner has terminated.
Mono: successfully reloaded assembly
- Completed reload, in  0.647 seconds
Platform modules already initialized, skipping
Refreshing native plugins compatible for Editor in 0.24 ms, found 0 plugins.
Preloading 0 native plugins for Editor in 0.00 ms.
Unloading 1117 Unused Serialized files (Serialized files now loaded: 0)
System memory in use before: 72.5 MB.
System memory in use after: 72.6 MB.

Unloading 4 unused Assets to reduce memory usage. Loaded Objects now: 1644.
Total: 1.665200 ms (FindLiveObjects: 0.177400 ms CreateObjectMapping: 0.025900 ms MarkObjects: 1.443700 ms  DeleteObjects: 0.017000 ms)

========================================================================
Received Import Request.
  Time since last request: 451.294127 seconds.
  path: Assets/KGDEV1/InputManager.cs
  artifactKey: Guid(15d7773ab3f7d174c8c9f6221e9890d2) Importer(815301076,1909f56bfc062723c751e8b465ee728b)
Start importing Assets/KGDEV1/InputManager.cs using Guid(15d7773ab3f7d174c8c9f6221e9890d2) Importer(815301076,1909f56bfc062723c751e8b465ee728b)  -> (artifact id: 'a22941f02f7d3767922405eadb9b76da') in 0.008256 seconds
  Import took 0.010118 seconds .

========================================================================
Received Import Request.
  Time since last request: 1.984228 seconds.
  path: Assets/KGDEV1/GameManager.cs
  artifactKey: Guid(e23236290aec1854b8bcd468d4ad934f) Importer(815301076,1909f56bfc062723c751e8b465ee728b)
Start importing Assets/KGDEV1/GameManager.cs using Guid(e23236290aec1854b8bcd468d4ad934f) Importer(815301076,1909f56bfc062723c751e8b465ee728b)  -> (artifact id: '85cfac70f0cdba9932153a3c72261c37') in 0.005949 seconds
  Import took 0.007681 seconds .

========================================================================
Received Import Request.
  Time since last request: 0.001237 seconds.
  path: Assets/KGDEV1/GameManager.cs
  artifactKey: Guid(e23236290aec1854b8bcd468d4ad934f) Importer(815301076,1909f56bfc062723c751e8b465ee728b)
Start importing Assets/KGDEV1/GameManager.cs using Guid(e23236290aec1854b8bcd468d4ad934f) Importer(815301076,1909f56bfc062723c751e8b465ee728b)  -> (artifact id: '85cfac70f0cdba9932153a3c72261c37') in 0.002180 seconds
  Import took 0.003466 seconds .

========================================================================
Received Import Request.
  Time since last request: 17.608337 seconds.
  path: Assets/KGDEV1/GameManager.cs
  artifactKey: Guid(e23236290aec1854b8bcd468d4ad934f) Importer(815301076,1909f56bfc062723c751e8b465ee728b)
Start importing Assets/KGDEV1/GameManager.cs using Guid(e23236290aec1854b8bcd468d4ad934f) Importer(815301076,1909f56bfc062723c751e8b465ee728b)  -> (artifact id: 'f9a83366af7524ff3bd736ad79d63f38') in 0.002503 seconds
  Import took 0.004222 seconds .

========================================================================
Received Prepare
Registering precompiled user dll's ...
Registered in 0.000532 seconds.
Begin MonoManager ReloadAssembly
Native extension for WindowsStandalone target not found
Refreshing native plugins compatible for Editor in 0.20 ms, found 0 plugins.
Preloading 0 native plugins for Editor in 0.00 ms.
Invoked RoslynAnalysisRunner static constructor.
RoslynAnalysisRunner will not be running.
RoslynAnalysisRunner has terminated.
Mono: successfully reloaded assembly
- Completed reload, in  0.648 seconds
Platform modules already initialized, skipping
Refreshing native plugins compatible for Editor in 0.19 ms, found 0 plugins.
Preloading 0 native plugins for Editor in 0.00 ms.
Unloading 1117 Unused Serialized files (Serialized files now loaded: 0)
System memory in use before: 72.5 MB.
System memory in use after: 72.6 MB.

Unloading 4 unused Assets to reduce memory usage. Loaded Objects now: 1647.
Total: 1.446900 ms (FindLiveObjects: 0.148900 ms CreateObjectMapping: 0.023700 ms MarkObjects: 1.258300 ms  DeleteObjects: 0.014800 ms)

========================================================================
Received Import Request.
  Time since last request: 139.255079 seconds.
  path: Assets/KGDEV1/EnemyFollow.cs
  artifactKey: Guid(693e51f8e2b28f54d95ac5585762540b) Importer(815301076,1909f56bfc062723c751e8b465ee728b)
Start importing Assets/KGDEV1/EnemyFollow.cs using Guid(693e51f8e2b28f54d95ac5585762540b) Importer(815301076,1909f56bfc062723c751e8b465ee728b)  -> (artifact id: 'f48c40e9bb1c4f22ce9ad13c5982d894') in 0.006372 seconds
  Import took 0.008160 seconds .

========================================================================
Received Prepare
Registering precompiled user dll's ...
Registered in 0.000517 seconds.
Begin MonoManager ReloadAssembly
Native extension for WindowsStandalone target not found
Refreshing native plugins compatible for Editor in 0.21 ms, found 0 plugins.
Preloading 0 native plugins for Editor in 0.00 ms.
Invoked RoslynAnalysisRunner static constructor.
RoslynAnalysisRunner will not be running.
RoslynAnalysisRunner has terminated.
Mono: successfully reloaded assembly
- Completed reload, in  0.671 seconds
Platform modules already initialized, skipping
Refreshing native plugins compatible for Editor in 0.22 ms, found 0 plugins.
Preloading 0 native plugins for Editor in 0.00 ms.
Unloading 1118 Unused Serialized files (Serialized files now loaded: 0)
System memory in use before: 72.6 MB.
System memory in use after: 72.7 MB.

Unloading 4 unused Assets to reduce memory usage. Loaded Objects now: 1651.
Total: 1.619900 ms (FindLiveObjects: 0.183500 ms CreateObjectMapping: 0.051400 ms MarkObjects: 1.368300 ms  DeleteObjects: 0.015900 ms)

========================================================================
Received Import Request.
  Time since last request: 190.197635 seconds.
  path: Assets/KGDEV1/EnemyFollow.cs
  artifactKey: Guid(693e51f8e2b28f54d95ac5585762540b) Importer(815301076,1909f56bfc062723c751e8b465ee728b)
Start importing Assets/KGDEV1/EnemyFollow.cs using Guid(693e51f8e2b28f54d95ac5585762540b) Importer(815301076,1909f56bfc062723c751e8b465ee728b)  -> (artifact id: '50d57b5b9aff95c8e348f4e901448116') in 0.005542 seconds
  Import took 0.007391 seconds .

========================================================================
Received Import Request.
  Time since last request: 33.541360 seconds.
  path: Assets/KGDEV1/EnemyFollow.cs
  artifactKey: Guid(693e51f8e2b28f54d95ac5585762540b) Importer(815301076,1909f56bfc062723c751e8b465ee728b)
Start importing Assets/KGDEV1/EnemyFollow.cs using Guid(693e51f8e2b28f54d95ac5585762540b) Importer(815301076,1909f56bfc062723c751e8b465ee728b)  -> (artifact id: '2d6730ad16c9b34571d3c3a001c2e5e2') in 0.002782 seconds
  Import took 0.004528 seconds .

========================================================================
Received Prepare
Registering precompiled user dll's ...
Registered in 0.000635 seconds.
Begin MonoManager ReloadAssembly
Native extension for WindowsStandalone target not found
Refreshing native plugins compatible for Editor in 0.22 ms, found 0 plugins.
Preloading 0 native plugins for Editor in 0.00 ms.
Invoked RoslynAnalysisRunner static constructor.
RoslynAnalysisRunner will not be running.
RoslynAnalysisRunner has terminated.
Mono: successfully reloaded assembly
- Completed reload, in  0.657 seconds
Platform modules already initialized, skipping
Refreshing native plugins compatible for Editor in 0.21 ms, found 0 plugins.
Preloading 0 native plugins for Editor in 0.00 ms.
Unloading 1118 Unused Serialized files (Serialized files now loaded: 0)
System memory in use before: 72.6 MB.
System memory in use after: 72.7 MB.

Unloading 4 unused Assets to reduce memory usage. Loaded Objects now: 1654.
Total: 1.645100 ms (FindLiveObjects: 0.253500 ms CreateObjectMapping: 0.035900 ms MarkObjects: 1.340600 ms  DeleteObjects: 0.013600 ms)

========================================================================
Received Prepare
Registering precompiled user dll's ...
Registered in 0.000523 seconds.
Begin MonoManager ReloadAssembly
Native extension for WindowsStandalone target not found
Refreshing native plugins compatible for Editor in 0.21 ms, found 0 plugins.
Preloading 0 native plugins for Editor in 0.00 ms.
Invoked RoslynAnalysisRunner static constructor.
RoslynAnalysisRunner will not be running.
RoslynAnalysisRunner has terminated.
Mono: successfully reloaded assembly
- Completed reload, in  0.631 seconds
Platform modules already initialized, skipping
Refreshing native plugins compatible for Editor in 0.20 ms, found 0 plugins.
Preloading 0 native plugins for Editor in 0.00 ms.
Unloading 1118 Unused Serialized files (Serialized files now loaded: 0)
System memory in use before: 72.6 MB.
System memory in use after: 72.7 MB.

Unloading 4 unused Assets to reduce memory usage. Loaded Objects now: 1657.
Total: 1.520800 ms (FindLiveObjects: 0.217800 ms CreateObjectMapping: 0.035700 ms MarkObjects: 1.253000 ms  DeleteObjects: 0.013300 ms)

========================================================================
Received Prepare
Registering precompiled user dll's ...
Registered in 0.000613 seconds.
Begin MonoManager ReloadAssembly
Native extension for WindowsStandalone target not found
Refreshing native plugins compatible for Editor in 0.25 ms, found 0 plugins.
Preloading 0 native plugins for Editor in 0.00 ms.
Invoked RoslynAnalysisRunner static constructor.
RoslynAnalysisRunner will not be running.
RoslynAnalysisRunner has terminated.
Mono: successfully reloaded assembly
- Completed reload, in  0.643 seconds
Platform modules already initialized, skipping
Refreshing native plugins compatible for Editor in 0.21 ms, found 0 plugins.
Preloading 0 native plugins for Editor in 0.00 ms.
Unloading 1118 Unused Serialized files (Serialized files now loaded: 0)
System memory in use before: 72.6 MB.
System memory in use after: 72.7 MB.

Unloading 4 unused Assets to reduce memory usage. Loaded Objects now: 1660.
Total: 1.482000 ms (FindLiveObjects: 0.160600 ms CreateObjectMapping: 0.023900 ms MarkObjects: 1.282000 ms  DeleteObjects: 0.014500 ms)

========================================================================
Received Import Request.
  Time since last request: 127.355032 seconds.
  path: Assets/KGDEV1/Enemy.prefab
  artifactKey: Guid(eaa1a08e57cd648228b99b743be52ace) Importer(815301076,1909f56bfc062723c751e8b465ee728b)
Start importing Assets/KGDEV1/Enemy.prefab using Guid(eaa1a08e57cd648228b99b743be52ace) Importer(815301076,1909f56bfc062723c751e8b465ee728b)  -> (artifact id: '3c87ba6c8625ee420fd1224af5f771f0') in 0.045253 seconds
  Import took 0.047020 seconds .

========================================================================
Received Prepare
Registering precompiled user dll's ...
Registered in 0.000504 seconds.
Begin MonoManager ReloadAssembly
Native extension for WindowsStandalone target not found
Refreshing native plugins compatible for Editor in 0.20 ms, found 0 plugins.
Preloading 0 native plugins for Editor in 0.00 ms.
Invoked RoslynAnalysisRunner static constructor.
RoslynAnalysisRunner will not be running.
RoslynAnalysisRunner has terminated.
Mono: successfully reloaded assembly
- Completed reload, in  0.634 seconds
Platform modules already initialized, skipping
Refreshing native plugins compatible for Editor in 0.24 ms, found 0 plugins.
Preloading 0 native plugins for Editor in 0.00 ms.
Unloading 1118 Unused Serialized files (Serialized files now loaded: 0)
System memory in use before: 72.6 MB.
System memory in use after: 72.7 MB.

Unloading 5 unused Assets to reduce memory usage. Loaded Objects now: 1664.
Total: 1.436000 ms (FindLiveObjects: 0.150300 ms CreateObjectMapping: 0.023900 ms MarkObjects: 1.240800 ms  DeleteObjects: 0.020000 ms)

========================================================================
Received Import Request.
  Time since last request: 67.349281 seconds.
  path: Assets/KGDEV1/Bullet.prefab
  artifactKey: Guid(8c35ee1aa1c55489d9ced428bfc1333d) Importer(815301076,1909f56bfc062723c751e8b465ee728b)
Start importing Assets/KGDEV1/Bullet.prefab using Guid(8c35ee1aa1c55489d9ced428bfc1333d) Importer(815301076,1909f56bfc062723c751e8b465ee728b)  -> (artifact id: 'a5440ad8c3a566c3e96bb86e3d9de256') in 0.050769 seconds
  Import took 0.052632 seconds .

========================================================================
Received Import Request.
  Time since last request: 0.343918 seconds.
  path: Assets/KGDEV1/Bullet.prefab
  artifactKey: Guid(8c35ee1aa1c55489d9ced428bfc1333d) Importer(815301076,1909f56bfc062723c751e8b465ee728b)
Start importing Assets/KGDEV1/Bullet.prefab using Guid(8c35ee1aa1c55489d9ced428bfc1333d) Importer(815301076,1909f56bfc062723c751e8b465ee728b)  -> (artifact id: '5cbb8f5debabd1c27db61791638637f3') in 0.008595 seconds
  Import took 0.010404 seconds .

========================================================================
Received Import Request.
  Time since last request: 81.481672 seconds.
  path: Assets/KGDEV1/Bullet.prefab
  artifactKey: Guid(8c35ee1aa1c55489d9ced428bfc1333d) Importer(815301076,1909f56bfc062723c751e8b465ee728b)
Start importing Assets/KGDEV1/Bullet.prefab using Guid(8c35ee1aa1c55489d9ced428bfc1333d) Importer(815301076,1909f56bfc062723c751e8b465ee728b)  -> (artifact id: 'abbe226963e085e9c228c08db4c0590d') in 0.006790 seconds
  Import took 0.008715 seconds .

========================================================================
Received Import Request.
  Time since last request: 0.007943 seconds.
  path: Assets/KGDEV1/Bullet.prefab
  artifactKey: Guid(8c35ee1aa1c55489d9ced428bfc1333d) Importer(815301076,1909f56bfc062723c751e8b465ee728b)
Start importing Assets/KGDEV1/Bullet.prefab using Guid(8c35ee1aa1c55489d9ced428bfc1333d) Importer(815301076,1909f56bfc062723c751e8b465ee728b)  -> (artifact id: 'abbe226963e085e9c228c08db4c0590d') in 0.008091 seconds
  Import took 0.009954 seconds .

========================================================================
Received Prepare
Registering precompiled user dll's ...
Registered in 0.000609 seconds.
Begin MonoManager ReloadAssembly
Native extension for WindowsStandalone target not found
Refreshing native plugins compatible for Editor in 0.20 ms, found 0 plugins.
Preloading 0 native plugins for Editor in 0.00 ms.
Invoked RoslynAnalysisRunner static constructor.
RoslynAnalysisRunner will not be running.
RoslynAnalysisRunner has terminated.
Mono: successfully reloaded assembly
- Completed reload, in  0.639 seconds
Platform modules already initialized, skipping
Refreshing native plugins compatible for Editor in 0.20 ms, found 0 plugins.
Preloading 0 native plugins for Editor in 0.00 ms.
Unloading 1118 Unused Serialized files (Serialized files now loaded: 0)
System memory in use before: 72.6 MB.
System memory in use after: 72.7 MB.

Unloading 5 unused Assets to reduce memory usage. Loaded Objects now: 1668.
Total: 1.670900 ms (FindLiveObjects: 0.157500 ms CreateObjectMapping: 0.025000 ms MarkObjects: 1.470300 ms  DeleteObjects: 0.017100 ms)

========================================================================
Received Import Request.
  Time since last request: 3.296627 seconds.
  path: Assets/KGDEV1/Bullet.prefab
  artifactKey: Guid(8c35ee1aa1c55489d9ced428bfc1333d) Importer(815301076,1909f56bfc062723c751e8b465ee728b)
Start importing Assets/KGDEV1/Bullet.prefab using Guid(8c35ee1aa1c55489d9ced428bfc1333d) Importer(815301076,1909f56bfc062723c751e8b465ee728b)  -> (artifact id: '33b4c899222b4afc170a987d1e43889a') in 0.043391 seconds
  Import took 0.045242 seconds .

========================================================================
Received Prepare
Registering precompiled user dll's ...
Registered in 0.000521 seconds.
Begin MonoManager ReloadAssembly
Native extension for WindowsStandalone target not found
Refreshing native plugins compatible for Editor in 0.20 ms, found 0 plugins.
Preloading 0 native plugins for Editor in 0.00 ms.
Invoked RoslynAnalysisRunner static constructor.
RoslynAnalysisRunner will not be running.
RoslynAnalysisRunner has terminated.
Mono: successfully reloaded assembly
- Completed reload, in  0.636 seconds
Platform modules already initialized, skipping
Refreshing native plugins compatible for Editor in 0.23 ms, found 0 plugins.
Preloading 0 native plugins for Editor in 0.00 ms.
Unloading 1118 Unused Serialized files (Serialized files now loaded: 0)
System memory in use before: 72.6 MB.
System memory in use after: 72.7 MB.

Unloading 5 unused Assets to reduce memory usage. Loaded Objects now: 1672.
Total: 1.441100 ms (FindLiveObjects: 0.160400 ms CreateObjectMapping: 0.023100 ms MarkObjects: 1.235900 ms  DeleteObjects: 0.020700 ms)

AssetImportWorkerClient::OnTransportError - code=2 error=End of file
